{"C:\\Users\\shlom\\Project_2024\\src\\app.ts": {"path":"C:\\Users\\shlom\\Project_2024\\src\\app.ts","statementMap":{"0":{"start":{"line":1,"column":0},"end":{"line":1,"column":25}},"1":{"start":{"line":2,"column":0},"end":{"line":2,"column":13}},"2":{"start":{"line":3,"column":0},"end":{"line":3,"column":40}},"3":{"start":{"line":4,"column":0},"end":{"line":4,"column":37}},"4":{"start":{"line":5,"column":0},"end":{"line":5,"column":32}},"5":{"start":{"line":6,"column":0},"end":{"line":6,"column":24}},"6":{"start":{"line":7,"column":0},"end":{"line":7,"column":49}},"7":{"start":{"line":8,"column":0},"end":{"line":8,"column":45}},"8":{"start":{"line":9,"column":0},"end":{"line":9,"column":45}},"9":{"start":{"line":10,"column":0},"end":{"line":10,"column":52}},"10":{"start":{"line":11,"column":0},"end":{"line":11,"column":46}},"11":{"start":{"line":12,"column":14},"end":{"line":34,"column":1}},"12":{"start":{"line":13,"column":20},"end":{"line":32,"column":2}},"13":{"start":{"line":14,"column":19},"end":{"line":14,"column":38}},"14":{"start":{"line":15,"column":8},"end":{"line":15,"column":81}},"15":{"start":{"line":16,"column":8},"end":{"line":16,"column":67}},"16":{"start":{"line":16,"column":32},"end":{"line":16,"column":63}},"17":{"start":{"line":17,"column":8},"end":{"line":31,"column":7}},"18":{"start":{"line":18,"column":24},"end":{"line":18,"column":33}},"19":{"start":{"line":19,"column":12},"end":{"line":19,"column":39}},"20":{"start":{"line":20,"column":12},"end":{"line":20,"column":63}},"21":{"start":{"line":21,"column":12},"end":{"line":21,"column":28}},"22":{"start":{"line":23,"column":12},"end":{"line":23,"column":44}},"23":{"start":{"line":24,"column":12},"end":{"line":24,"column":40}},"24":{"start":{"line":25,"column":12},"end":{"line":25,"column":40}},"25":{"start":{"line":26,"column":12},"end":{"line":26,"column":34}},"26":{"start":{"line":27,"column":12},"end":{"line":27,"column":39}},"27":{"start":{"line":28,"column":12},"end":{"line":28,"column":57}},"28":{"start":{"line":30,"column":12},"end":{"line":30,"column":25}},"29":{"start":{"line":33,"column":14},"end":{"line":33,"column":29}},"30":{"start":{"line":41,"column":0},"end":{"line":41,"column":23}}},"fnMap":{"0":{"name":"(anonymous_1)","decl":{"start":{"line":12,"column":14},"end":{"line":12,"column":16}},"loc":{"start":{"line":12,"column":18},"end":{"line":34,"column":1}}},"1":{"name":"(anonymous_2)","decl":{"start":{"line":13,"column":41},"end":{"line":13,"column":42}},"loc":{"start":{"line":13,"column":53},"end":{"line":32,"column":1}}},"2":{"name":"(anonymous_3)","decl":{"start":{"line":16,"column":24},"end":{"line":16,"column":27}},"loc":{"start":{"line":16,"column":29},"end":{"line":16,"column":65}}},"3":{"name":"(anonymous_4)","decl":{"start":{"line":17,"column":50},"end":{"line":17,"column":53}},"loc":{"start":{"line":17,"column":55},"end":{"line":31,"column":5}}}},"branchMap":{},"s":{"0":4,"1":4,"2":4,"3":4,"4":4,"5":4,"6":4,"7":4,"8":4,"9":4,"10":4,"11":4,"12":4,"13":4,"14":4,"15":4,"16":4,"17":4,"18":4,"19":4,"20":4,"21":4,"22":4,"23":4,"24":4,"25":4,"26":4,"27":4,"28":4,"29":4,"30":4},"f":{"0":4,"1":4,"2":4,"3":4},"b":{}}
,"C:\\Users\\shlom\\Project_2024\\src\\Common\\auth_logout.ts": {"path":"C:\\Users\\shlom\\Project_2024\\src\\Common\\auth_logout.ts","statementMap":{"0":{"start":{"line":1,"column":0},"end":{"line":1,"column":31}},"1":{"start":{"line":10,"column":19},"end":{"line":33,"column":1}},"2":{"start":{"line":11,"column":2},"end":{"line":11,"column":27}},"3":{"start":{"line":12,"column":21},"end":{"line":12,"column":48}},"4":{"start":{"line":13,"column":12},"end":{"line":13,"column":14}},"5":{"start":{"line":16,"column":2},"end":{"line":24,"column":3}},"6":{"start":{"line":17,"column":4},"end":{"line":23,"column":5}},"7":{"start":{"line":18,"column":6},"end":{"line":18,"column":39}},"8":{"start":{"line":19,"column":11},"end":{"line":23,"column":5}},"9":{"start":{"line":20,"column":6},"end":{"line":20,"column":39}},"10":{"start":{"line":22,"column":6},"end":{"line":22,"column":25}},"11":{"start":{"line":26,"column":2},"end":{"line":26,"column":66}},"12":{"start":{"line":26,"column":21},"end":{"line":26,"column":66}},"13":{"start":{"line":28,"column":2},"end":{"line":32,"column":5}},"14":{"start":{"line":29,"column":4},"end":{"line":29,"column":58}},"15":{"start":{"line":29,"column":13},"end":{"line":29,"column":58}},"16":{"start":{"line":30,"column":4},"end":{"line":30,"column":56}},"17":{"start":{"line":31,"column":4},"end":{"line":31,"column":11}},"18":{"start":{"line":42,"column":0},"end":{"line":42,"column":26}}},"fnMap":{"0":{"name":"(anonymous_1)","decl":{"start":{"line":10,"column":19},"end":{"line":10,"column":20}},"loc":{"start":{"line":10,"column":72},"end":{"line":33,"column":1}}},"1":{"name":"(anonymous_2)","decl":{"start":{"line":28,"column":45},"end":{"line":28,"column":46}},"loc":{"start":{"line":28,"column":59},"end":{"line":32,"column":3}}}},"branchMap":{"0":{"loc":{"start":{"line":16,"column":2},"end":{"line":24,"column":3}},"type":"if","locations":[{"start":{"line":16,"column":2},"end":{"line":24,"column":3}}]},"1":{"loc":{"start":{"line":17,"column":4},"end":{"line":23,"column":5}},"type":"if","locations":[{"start":{"line":17,"column":4},"end":{"line":23,"column":5}},{"start":{"line":19,"column":11},"end":{"line":23,"column":5}}]},"2":{"loc":{"start":{"line":19,"column":11},"end":{"line":23,"column":5}},"type":"if","locations":[{"start":{"line":19,"column":11},"end":{"line":23,"column":5}},{"start":{"line":21,"column":11},"end":{"line":23,"column":5}}]},"3":{"loc":{"start":{"line":26,"column":2},"end":{"line":26,"column":66}},"type":"if","locations":[{"start":{"line":26,"column":2},"end":{"line":26,"column":66}}]},"4":{"loc":{"start":{"line":29,"column":4},"end":{"line":29,"column":58}},"type":"if","locations":[{"start":{"line":29,"column":4},"end":{"line":29,"column":58}}]}},"s":{"0":4,"1":4,"2":3,"3":3,"4":3,"5":3,"6":3,"7":0,"8":3,"9":3,"10":0,"11":3,"12":0,"13":3,"14":3,"15":2,"16":1,"17":1,"18":4},"f":{"0":3,"1":3},"b":{"0":[3],"1":[0,3],"2":[3,0],"3":[0],"4":[2]}}
,"C:\\Users\\shlom\\Project_2024\\src\\Common\\auth_middleware.ts": {"path":"C:\\Users\\shlom\\Project_2024\\src\\Common\\auth_middleware.ts","statementMap":{"0":{"start":{"line":1,"column":0},"end":{"line":1,"column":31}},"1":{"start":{"line":17,"column":21},"end":{"line":41,"column":1}},"2":{"start":{"line":18,"column":2},"end":{"line":18,"column":27}},"3":{"start":{"line":19,"column":21},"end":{"line":19,"column":48}},"4":{"start":{"line":20,"column":12},"end":{"line":20,"column":14}},"5":{"start":{"line":23,"column":2},"end":{"line":31,"column":3}},"6":{"start":{"line":24,"column":4},"end":{"line":30,"column":5}},"7":{"start":{"line":25,"column":6},"end":{"line":25,"column":39}},"8":{"start":{"line":26,"column":11},"end":{"line":30,"column":5}},"9":{"start":{"line":27,"column":6},"end":{"line":27,"column":39}},"10":{"start":{"line":29,"column":6},"end":{"line":29,"column":25}},"11":{"start":{"line":33,"column":2},"end":{"line":33,"column":66}},"12":{"start":{"line":33,"column":21},"end":{"line":33,"column":66}},"13":{"start":{"line":35,"column":2},"end":{"line":40,"column":5}},"14":{"start":{"line":36,"column":4},"end":{"line":36,"column":58}},"15":{"start":{"line":36,"column":13},"end":{"line":36,"column":58}},"16":{"start":{"line":37,"column":4},"end":{"line":37,"column":56}},"17":{"start":{"line":39,"column":4},"end":{"line":39,"column":11}},"18":{"start":{"line":50,"column":0},"end":{"line":50,"column":28}}},"fnMap":{"0":{"name":"(anonymous_1)","decl":{"start":{"line":17,"column":21},"end":{"line":17,"column":22}},"loc":{"start":{"line":17,"column":74},"end":{"line":41,"column":1}}},"1":{"name":"(anonymous_2)","decl":{"start":{"line":35,"column":44},"end":{"line":35,"column":45}},"loc":{"start":{"line":35,"column":58},"end":{"line":40,"column":3}}}},"branchMap":{"0":{"loc":{"start":{"line":23,"column":2},"end":{"line":31,"column":3}},"type":"if","locations":[{"start":{"line":23,"column":2},"end":{"line":31,"column":3}}]},"1":{"loc":{"start":{"line":24,"column":4},"end":{"line":30,"column":5}},"type":"if","locations":[{"start":{"line":24,"column":4},"end":{"line":30,"column":5}},{"start":{"line":26,"column":11},"end":{"line":30,"column":5}}]},"2":{"loc":{"start":{"line":26,"column":11},"end":{"line":30,"column":5}},"type":"if","locations":[{"start":{"line":26,"column":11},"end":{"line":30,"column":5}},{"start":{"line":28,"column":11},"end":{"line":30,"column":5}}]},"3":{"loc":{"start":{"line":33,"column":2},"end":{"line":33,"column":66}},"type":"if","locations":[{"start":{"line":33,"column":2},"end":{"line":33,"column":66}}]},"4":{"loc":{"start":{"line":36,"column":4},"end":{"line":36,"column":58}},"type":"if","locations":[{"start":{"line":36,"column":4},"end":{"line":36,"column":58}}]}},"s":{"0":4,"1":4,"2":26,"3":26,"4":26,"5":26,"6":25,"7":0,"8":25,"9":25,"10":0,"11":26,"12":0,"13":26,"14":26,"15":2,"16":24,"17":24,"18":4},"f":{"0":26,"1":26},"b":{"0":[25],"1":[0,25],"2":[25,0],"3":[0],"4":[2]}}
,"C:\\Users\\shlom\\Project_2024\\src\\Controllers\\Base_Controller.ts": {"path":"C:\\Users\\shlom\\Project_2024\\src\\Controllers\\Base_Controller.ts","statementMap":{"0":{"start":{"line":8,"column":8},"end":{"line":8,"column":27}},"1":{"start":{"line":13,"column":8},"end":{"line":13,"column":30}},"2":{"start":{"line":14,"column":8},"end":{"line":20,"column":5}},"3":{"start":{"line":15,"column":23},"end":{"line":15,"column":56}},"4":{"start":{"line":16,"column":12},"end":{"line":16,"column":38}},"5":{"start":{"line":18,"column":12},"end":{"line":18,"column":31}},"6":{"start":{"line":19,"column":12},"end":{"line":19,"column":68}},"7":{"start":{"line":25,"column":4},"end":{"line":31,"column":5}},"8":{"start":{"line":26,"column":21},"end":{"line":26,"column":61}},"9":{"start":{"line":27,"column":8},"end":{"line":27,"column":23}},"10":{"start":{"line":29,"column":8},"end":{"line":29,"column":27}},"11":{"start":{"line":30,"column":8},"end":{"line":30,"column":70}},"12":{"start":{"line":36,"column":4},"end":{"line":42,"column":5}},"13":{"start":{"line":37,"column":22},"end":{"line":37,"column":45}},"14":{"start":{"line":38,"column":8},"end":{"line":38,"column":24}},"15":{"start":{"line":40,"column":8},"end":{"line":40,"column":27}},"16":{"start":{"line":41,"column":8},"end":{"line":41,"column":70}},"17":{"start":{"line":47,"column":4},"end":{"line":56,"column":5}},"18":{"start":{"line":48,"column":17},"end":{"line":48,"column":30}},"19":{"start":{"line":49,"column":18},"end":{"line":49,"column":26}},"20":{"start":{"line":50,"column":8},"end":{"line":50,"column":51}},"21":{"start":{"line":51,"column":8},"end":{"line":51,"column":57}},"22":{"start":{"line":54,"column":8},"end":{"line":54,"column":27}},"23":{"start":{"line":55,"column":8},"end":{"line":55,"column":66}},"24":{"start":{"line":60,"column":13},"end":{"line":60,"column":26}},"25":{"start":{"line":61,"column":4},"end":{"line":68,"column":5}},"26":{"start":{"line":62,"column":8},"end":{"line":62,"column":47}},"27":{"start":{"line":63,"column":8},"end":{"line":63,"column":45}},"28":{"start":{"line":66,"column":8},"end":{"line":66,"column":27}},"29":{"start":{"line":67,"column":8},"end":{"line":67,"column":68}},"30":{"start":{"line":77,"column":8},"end":{"line":77,"column":22}},"31":{"start":{"line":75,"column":25},"end":{"line":75,"column":76}},"32":{"start":{"line":75,"column":48},"end":{"line":75,"column":76}},"33":{"start":{"line":76,"column":0},"end":{"line":76,"column":32}}},"fnMap":{"0":{"name":"(anonymous_7)","decl":{"start":{"line":7,"column":4},"end":{"line":7,"column":16}},"loc":{"start":{"line":7,"column":31},"end":{"line":9,"column":5}}},"1":{"name":"(anonymous_8)","decl":{"start":{"line":12,"column":10},"end":{"line":12,"column":14}},"loc":{"start":{"line":12,"column":41},"end":{"line":21,"column":null}}},"2":{"name":"(anonymous_10)","decl":{"start":{"line":24,"column":6},"end":{"line":24,"column":9}},"loc":{"start":{"line":24,"column":36},"end":{"line":32,"column":null}}},"3":{"name":"(anonymous_12)","decl":{"start":{"line":34,"column":6},"end":{"line":34,"column":12}},"loc":{"start":{"line":34,"column":39},"end":{"line":43,"column":null}}},"4":{"name":"(anonymous_14)","decl":{"start":{"line":46,"column":7},"end":{"line":46,"column":10}},"loc":{"start":{"line":46,"column":37},"end":{"line":57,"column":null}}},"5":{"name":"(anonymous_16)","decl":{"start":{"line":59,"column":6},"end":{"line":59,"column":12}},"loc":{"start":{"line":59,"column":39},"end":{"line":69,"column":null}}},"6":{"name":"(anonymous_18)","decl":{"start":{"line":75,"column":25},"end":{"line":75,"column":29}},"loc":{"start":{"line":75,"column":48},"end":{"line":75,"column":76}}}},"branchMap":{},"s":{"0":12,"1":0,"2":0,"3":0,"4":0,"5":0,"6":0,"7":0,"8":0,"9":0,"10":0,"11":0,"12":2,"13":2,"14":2,"15":0,"16":0,"17":0,"18":0,"19":0,"20":0,"21":0,"22":0,"23":0,"24":0,"25":0,"26":0,"27":0,"28":0,"29":0,"30":4,"31":4,"32":4,"33":4},"f":{"0":12,"1":0,"2":0,"3":2,"4":0,"5":0,"6":4},"b":{}}
,"C:\\Users\\shlom\\Project_2024\\src\\Controllers\\comments_controller.ts": {"path":"C:\\Users\\shlom\\Project_2024\\src\\Controllers\\comments_controller.ts","statementMap":{"0":{"start":{"line":1,"column":0},"end":{"line":1,"column":51}},"1":{"start":{"line":3,"column":0},"end":{"line":3,"column":47}},"2":{"start":{"line":4,"column":0},"end":{"line":4,"column":40}},"3":{"start":{"line":7,"column":0},"end":{"line":7,"column":40}},"4":{"start":{"line":11,"column":8},"end":{"line":11,"column":23}},"5":{"start":{"line":15,"column":8},"end":{"line":36,"column":11}},"6":{"start":{"line":17,"column":23},"end":{"line":17,"column":40}},"7":{"start":{"line":18,"column":23},"end":{"line":18,"column":39}},"8":{"start":{"line":19,"column":25},"end":{"line":19,"column":60}},"9":{"start":{"line":20,"column":29},"end":{"line":26,"column":12}},"10":{"start":{"line":27,"column":12},"end":{"line":27,"column":33}},"11":{"start":{"line":28,"column":12},"end":{"line":31,"column":30}},"12":{"start":{"line":32,"column":12},"end":{"line":32,"column":42}},"13":{"start":{"line":34,"column":12},"end":{"line":34,"column":null}},"14":{"start":{"line":35,"column":12},"end":{"line":35,"column":48}},"15":{"start":{"line":42,"column":6},"end":{"line":49,"column":7}},"16":{"start":{"line":43,"column":19},"end":{"line":43,"column":36}},"17":{"start":{"line":44,"column":23},"end":{"line":44,"column":59}},"18":{"start":{"line":45,"column":6},"end":{"line":45,"column":37}},"19":{"start":{"line":47,"column":8},"end":{"line":47,"column":null}},"20":{"start":{"line":48,"column":8},"end":{"line":48,"column":44}},"21":{"start":{"line":53,"column":2},"end":{"line":70,"column":3}},"22":{"start":{"line":54,"column":20},"end":{"line":54,"column":40}},"23":{"start":{"line":55,"column":17},"end":{"line":55,"column":34}},"24":{"start":{"line":56,"column":15},"end":{"line":56,"column":48}},"25":{"start":{"line":57,"column":3},"end":{"line":66,"column":3}},"26":{"start":{"line":58,"column":4},"end":{"line":58,"column":47}},"27":{"start":{"line":59,"column":4},"end":{"line":62,"column":22}},"28":{"start":{"line":63,"column":4},"end":{"line":63,"column":44}},"29":{"start":{"line":65,"column":4},"end":{"line":65,"column":67}},"30":{"start":{"line":68,"column":2},"end":{"line":68,"column":null}},"31":{"start":{"line":69,"column":2},"end":{"line":69,"column":38}},"32":{"start":{"line":74,"column":2},"end":{"line":82,"column":3}},"33":{"start":{"line":75,"column":18},"end":{"line":75,"column":20}},"34":{"start":{"line":76,"column":17},"end":{"line":76,"column":45}},"35":{"start":{"line":77,"column":4},"end":{"line":77,"column":25}},"36":{"start":{"line":80,"column":4},"end":{"line":80,"column":null}},"37":{"start":{"line":81,"column":4},"end":{"line":81,"column":25}},"38":{"start":{"line":87,"column":0},"end":{"line":87,"column":39}}},"fnMap":{"0":{"name":"(anonymous_8)","decl":{"start":{"line":10,"column":4},"end":{"line":10,"column":null}},"loc":{"start":{"line":10,"column":4},"end":{"line":12,"column":5}}},"1":{"name":"(anonymous_9)","decl":{"start":{"line":14,"column":10},"end":{"line":14,"column":14}},"loc":{"start":{"line":14,"column":44},"end":{"line":37,"column":null}}},"2":{"name":"(anonymous_11)","decl":{"start":{"line":41,"column":6},"end":{"line":41,"column":9}},"loc":{"start":{"line":41,"column":38},"end":{"line":50,"column":null}}},"3":{"name":"(anonymous_13)","decl":{"start":{"line":52,"column":6},"end":{"line":52,"column":12}},"loc":{"start":{"line":52,"column":41},"end":{"line":71,"column":null}}},"4":{"name":"(anonymous_15)","decl":{"start":{"line":73,"column":6},"end":{"line":73,"column":22}},"loc":{"start":{"line":73,"column":33},"end":{"line":83,"column":null}}}},"branchMap":{"0":{"loc":{"start":{"line":57,"column":3},"end":{"line":66,"column":3}},"type":"if","locations":[{"start":{"line":57,"column":3},"end":{"line":66,"column":3}},{"start":{"line":64,"column":7},"end":{"line":66,"column":3}}]}},"s":{"0":4,"1":4,"2":4,"3":4,"4":4,"5":2,"6":2,"7":2,"8":2,"9":2,"10":2,"11":2,"12":2,"13":0,"14":0,"15":1,"16":1,"17":1,"18":1,"19":0,"20":0,"21":3,"22":3,"23":3,"24":3,"25":2,"26":1,"27":1,"28":1,"29":1,"30":1,"31":1,"32":2,"33":2,"34":2,"35":2,"36":0,"37":0,"38":4},"f":{"0":4,"1":2,"2":1,"3":3,"4":2},"b":{"0":[1,1]}}
,"C:\\Users\\shlom\\Project_2024\\src\\Controllers\\member_controller.ts": {"path":"C:\\Users\\shlom\\Project_2024\\src\\Controllers\\member_controller.ts","statementMap":{"0":{"start":{"line":1,"column":0},"end":{"line":1,"column":49}},"1":{"start":{"line":2,"column":0},"end":{"line":2,"column":44}},"2":{"start":{"line":5,"column":25},"end":{"line":5,"column":58}},"3":{"start":{"line":9,"column":0},"end":{"line":9,"column":null}}},"fnMap":{},"branchMap":{},"s":{"0":4,"1":4,"2":4,"3":4},"f":{},"b":{}}
,"C:\\Users\\shlom\\Project_2024\\src\\Controllers\\post_controller.ts": {"path":"C:\\Users\\shlom\\Project_2024\\src\\Controllers\\post_controller.ts","statementMap":{"0":{"start":{"line":1,"column":0},"end":{"line":1,"column":69}},"1":{"start":{"line":2,"column":0},"end":{"line":2,"column":39}},"2":{"start":{"line":6,"column":0},"end":{"line":6,"column":40}},"3":{"start":{"line":11,"column":8},"end":{"line":11,"column":20}},"4":{"start":{"line":15,"column":17},"end":{"line":15,"column":34}},"5":{"start":{"line":16,"column":19},"end":{"line":16,"column":36}},"6":{"start":{"line":17,"column":21},"end":{"line":17,"column":35}},"7":{"start":{"line":19,"column":5},"end":{"line":40,"column":1}},"8":{"start":{"line":20,"column":19},"end":{"line":20,"column":42}},"9":{"start":{"line":21,"column":6},"end":{"line":24,"column":7}},"10":{"start":{"line":22,"column":8},"end":{"line":22,"column":47}},"11":{"start":{"line":23,"column":8},"end":{"line":23,"column":15}},"12":{"start":{"line":26,"column":6},"end":{"line":26,"column":31}},"13":{"start":{"line":27,"column":6},"end":{"line":27,"column":32}},"14":{"start":{"line":28,"column":6},"end":{"line":28,"column":24}},"15":{"start":{"line":30,"column":26},"end":{"line":30,"column":55}},"16":{"start":{"line":31,"column":10},"end":{"line":34,"column":4}},"17":{"start":{"line":36,"column":2},"end":{"line":36,"column":36}},"18":{"start":{"line":38,"column":2},"end":{"line":38,"column":19}},"19":{"start":{"line":39,"column":2},"end":{"line":39,"column":58}},"20":{"start":{"line":45,"column":13},"end":{"line":45,"column":26}},"21":{"start":{"line":46,"column":22},"end":{"line":46,"column":39}},"22":{"start":{"line":47,"column":2},"end":{"line":63,"column":3}},"23":{"start":{"line":48,"column":17},"end":{"line":51,"column":null}},"24":{"start":{"line":53,"column":15},"end":{"line":53,"column":53}},"25":{"start":{"line":55,"column":4},"end":{"line":58,"column":5}},"26":{"start":{"line":56,"column":6},"end":{"line":56,"column":63}},"27":{"start":{"line":57,"column":6},"end":{"line":57,"column":13}},"28":{"start":{"line":59,"column":4},"end":{"line":59,"column":31}},"29":{"start":{"line":61,"column":4},"end":{"line":61,"column":21}},"30":{"start":{"line":62,"column":4},"end":{"line":62,"column":48}},"31":{"start":{"line":67,"column":13},"end":{"line":67,"column":26}},"32":{"start":{"line":68,"column":2},"end":{"line":80,"column":3}},"33":{"start":{"line":69,"column":17},"end":{"line":69,"column":46}},"34":{"start":{"line":70,"column":15},"end":{"line":70,"column":53}},"35":{"start":{"line":71,"column":4},"end":{"line":74,"column":5}},"36":{"start":{"line":72,"column":6},"end":{"line":72,"column":63}},"37":{"start":{"line":73,"column":6},"end":{"line":73,"column":13}},"38":{"start":{"line":75,"column":4},"end":{"line":75,"column":43}},"39":{"start":{"line":76,"column":4},"end":{"line":76,"column":31}},"40":{"start":{"line":78,"column":4},"end":{"line":78,"column":21}},"41":{"start":{"line":79,"column":4},"end":{"line":79,"column":48}},"42":{"start":{"line":85,"column":13},"end":{"line":85,"column":30}},"43":{"start":{"line":86,"column":2},"end":{"line":97,"column":3}},"44":{"start":{"line":87,"column":17},"end":{"line":87,"column":40}},"45":{"start":{"line":88,"column":4},"end":{"line":91,"column":5}},"46":{"start":{"line":89,"column":6},"end":{"line":89,"column":45}},"47":{"start":{"line":90,"column":6},"end":{"line":90,"column":13}},"48":{"start":{"line":92,"column":18},"end":{"line":92,"column":65}},"49":{"start":{"line":93,"column":4},"end":{"line":93,"column":32}},"50":{"start":{"line":95,"column":4},"end":{"line":95,"column":21}},"51":{"start":{"line":96,"column":4},"end":{"line":96,"column":51}},"52":{"start":{"line":102,"column":0},"end":{"line":102,"column":36}}},"fnMap":{"0":{"name":"(anonymous_8)","decl":{"start":{"line":10,"column":4},"end":{"line":10,"column":null}},"loc":{"start":{"line":10,"column":4},"end":{"line":12,"column":5}}},"1":{"name":"(anonymous_9)","decl":{"start":{"line":14,"column":10},"end":{"line":14,"column":14}},"loc":{"start":{"line":14,"column":44},"end":{"line":41,"column":null}}},"2":{"name":"(anonymous_11)","decl":{"start":{"line":44,"column":6},"end":{"line":44,"column":9}},"loc":{"start":{"line":44,"column":38},"end":{"line":64,"column":null}}},"3":{"name":"(anonymous_13)","decl":{"start":{"line":66,"column":6},"end":{"line":66,"column":12}},"loc":{"start":{"line":66,"column":41},"end":{"line":81,"column":null}}},"4":{"name":"(anonymous_15)","decl":{"start":{"line":84,"column":6},"end":{"line":84,"column":22}},"loc":{"start":{"line":84,"column":51},"end":{"line":98,"column":null}}}},"branchMap":{"0":{"loc":{"start":{"line":15,"column":17},"end":{"line":15,"column":34}},"type":"cond-expr","locations":[{"start":{"line":15,"column":30},"end":{"line":15,"column":32}},{"start":{"line":15,"column":30},"end":{"line":15,"column":34}}]},"1":{"loc":{"start":{"line":15,"column":17},"end":{"line":15,"column":32}},"type":"binary-expr","locations":[{"start":{"line":15,"column":17},"end":{"line":15,"column":32}},{"start":{"line":15,"column":30},"end":{"line":15,"column":32}}]},"2":{"loc":{"start":{"line":21,"column":6},"end":{"line":24,"column":7}},"type":"if","locations":[{"start":{"line":21,"column":6},"end":{"line":24,"column":7}}]},"3":{"loc":{"start":{"line":53,"column":35},"end":{"line":53,"column":52}},"type":"cond-expr","locations":[{"start":{"line":53,"column":48},"end":{"line":53,"column":50}},{"start":{"line":53,"column":48},"end":{"line":53,"column":52}}]},"4":{"loc":{"start":{"line":53,"column":35},"end":{"line":53,"column":50}},"type":"binary-expr","locations":[{"start":{"line":53,"column":35},"end":{"line":53,"column":50}},{"start":{"line":53,"column":48},"end":{"line":53,"column":50}}]},"5":{"loc":{"start":{"line":55,"column":4},"end":{"line":58,"column":5}},"type":"if","locations":[{"start":{"line":55,"column":4},"end":{"line":58,"column":5}}]},"6":{"loc":{"start":{"line":70,"column":35},"end":{"line":70,"column":52}},"type":"cond-expr","locations":[{"start":{"line":70,"column":48},"end":{"line":70,"column":50}},{"start":{"line":70,"column":48},"end":{"line":70,"column":52}}]},"7":{"loc":{"start":{"line":70,"column":35},"end":{"line":70,"column":50}},"type":"binary-expr","locations":[{"start":{"line":70,"column":35},"end":{"line":70,"column":50}},{"start":{"line":70,"column":48},"end":{"line":70,"column":50}}]},"8":{"loc":{"start":{"line":71,"column":4},"end":{"line":74,"column":5}},"type":"if","locations":[{"start":{"line":71,"column":4},"end":{"line":74,"column":5}}]},"9":{"loc":{"start":{"line":85,"column":13},"end":{"line":85,"column":30}},"type":"cond-expr","locations":[{"start":{"line":85,"column":26},"end":{"line":85,"column":28}},{"start":{"line":85,"column":26},"end":{"line":85,"column":30}}]},"10":{"loc":{"start":{"line":85,"column":13},"end":{"line":85,"column":28}},"type":"binary-expr","locations":[{"start":{"line":85,"column":13},"end":{"line":85,"column":28}},{"start":{"line":85,"column":26},"end":{"line":85,"column":28}}]},"11":{"loc":{"start":{"line":88,"column":4},"end":{"line":91,"column":5}},"type":"if","locations":[{"start":{"line":88,"column":4},"end":{"line":91,"column":5}}]}},"s":{"0":4,"1":4,"2":4,"3":4,"4":9,"5":9,"6":9,"7":9,"8":9,"9":9,"10":0,"11":0,"12":9,"13":9,"14":9,"15":9,"16":7,"17":7,"18":2,"19":2,"20":3,"21":3,"22":3,"23":3,"24":2,"25":2,"26":1,"27":1,"28":1,"29":1,"30":1,"31":3,"32":3,"33":3,"34":2,"35":2,"36":1,"37":1,"38":1,"39":1,"40":1,"41":1,"42":1,"43":1,"44":1,"45":1,"46":0,"47":0,"48":1,"49":1,"50":0,"51":0,"52":4},"f":{"0":4,"1":9,"2":3,"3":3,"4":1},"b":{"0":[0,9],"1":[9,9],"2":[0],"3":[0,2],"4":[2,2],"5":[1],"6":[0,2],"7":[2,2],"8":[1],"9":[0,1],"10":[1,1],"11":[0]}}
,"C:\\Users\\shlom\\Project_2024\\src\\Controllers\\user_controller.ts": {"path":"C:\\Users\\shlom\\Project_2024\\src\\Controllers\\user_controller.ts","statementMap":{"0":{"start":{"line":2,"column":0},"end":{"line":2,"column":57}},"1":{"start":{"line":3,"column":0},"end":{"line":3,"column":28}},"2":{"start":{"line":4,"column":0},"end":{"line":4,"column":31}},"3":{"start":{"line":5,"column":0},"end":{"line":5,"column":40}},"4":{"start":{"line":7,"column":0},"end":{"line":7,"column":40}},"5":{"start":{"line":8,"column":0},"end":{"line":8,"column":51}},"6":{"start":{"line":10,"column":13},"end":{"line":10,"column":31}},"7":{"start":{"line":11,"column":21},"end":{"line":54,"column":null}},"8":{"start":{"line":11,"column":59},"end":{"line":54,"column":null}},"9":{"start":{"line":13,"column":4},"end":{"line":13,"column":null}},"10":{"start":{"line":14,"column":4},"end":{"line":14,"column":null}},"11":{"start":{"line":15,"column":4},"end":{"line":53,"column":1}},"12":{"start":{"line":16,"column":19},"end":{"line":19,"column":6}},"13":{"start":{"line":20,"column":20},"end":{"line":20,"column":39}},"14":{"start":{"line":21,"column":18},"end":{"line":21,"column":32}},"15":{"start":{"line":22,"column":4},"end":{"line":50,"column":5}},"16":{"start":{"line":23,"column":18},"end":{"line":23,"column":52}},"17":{"start":{"line":24,"column":8},"end":{"line":30,"column":9}},"18":{"start":{"line":25,"column":12},"end":{"line":29,"column":42}},"19":{"start":{"line":31,"column":28},"end":{"line":31,"column":109}},"20":{"start":{"line":32,"column":28},"end":{"line":32,"column":75}},"21":{"start":{"line":33,"column":8},"end":{"line":36,"column":39}},"22":{"start":{"line":34,"column":8},"end":{"line":34,"column":35}},"23":{"start":{"line":36,"column":8},"end":{"line":36,"column":39}},"24":{"start":{"line":37,"column":8},"end":{"line":37,"column":26}},"25":{"start":{"line":38,"column":8},"end":{"line":38,"column":50}},"26":{"start":{"line":39,"column":8},"end":{"line":39,"column":52}},"27":{"start":{"line":40,"column":8},"end":{"line":49,"column":7}},"28":{"start":{"line":51,"column":8},"end":{"line":51,"column":25}},"29":{"start":{"line":52,"column":4},"end":{"line":52,"column":41}},"30":{"start":{"line":57,"column":14},"end":{"line":94,"column":null}},"31":{"start":{"line":57,"column":52},"end":{"line":94,"column":null}},"32":{"start":{"line":58,"column":4},"end":{"line":58,"column":25}},"33":{"start":{"line":59,"column":18},"end":{"line":59,"column":32}},"34":{"start":{"line":60,"column":21},"end":{"line":60,"column":38}},"35":{"start":{"line":61,"column":4},"end":{"line":63,"column":1}},"36":{"start":{"line":62,"column":8},"end":{"line":62,"column":70}},"37":{"start":{"line":64,"column":4},"end":{"line":94,"column":1}},"38":{"start":{"line":65,"column":20},"end":{"line":65,"column":59}},"39":{"start":{"line":66,"column":8},"end":{"line":68,"column":9}},"40":{"start":{"line":67,"column":11},"end":{"line":67,"column":58}},"41":{"start":{"line":69,"column":20},"end":{"line":69,"column":64}},"42":{"start":{"line":70,"column":4},"end":{"line":72,"column":5}},"43":{"start":{"line":71,"column":8},"end":{"line":71,"column":54}},"44":{"start":{"line":73,"column":24},"end":{"line":73,"column":105}},"45":{"start":{"line":74,"column":24},"end":{"line":74,"column":71}},"46":{"start":{"line":76,"column":4},"end":{"line":79,"column":35}},"47":{"start":{"line":77,"column":4},"end":{"line":77,"column":31}},"48":{"start":{"line":79,"column":4},"end":{"line":79,"column":35}},"49":{"start":{"line":80,"column":4},"end":{"line":80,"column":22}},"50":{"start":{"line":81,"column":4},"end":{"line":81,"column":46}},"51":{"start":{"line":82,"column":4},"end":{"line":82,"column":48}},"52":{"start":{"line":83,"column":4},"end":{"line":91,"column":3}},"53":{"start":{"line":93,"column":8},"end":{"line":93,"column":45}},"54":{"start":{"line":97,"column":17},"end":{"line":130,"column":null}},"55":{"start":{"line":97,"column":55},"end":{"line":130,"column":null}},"56":{"start":{"line":98,"column":4},"end":{"line":98,"column":28}},"57":{"start":{"line":99,"column":18},"end":{"line":99,"column":32}},"58":{"start":{"line":100,"column":21},"end":{"line":100,"column":38}},"59":{"start":{"line":101,"column":21},"end":{"line":101,"column":38}},"60":{"start":{"line":102,"column":19},"end":{"line":102,"column":34}},"61":{"start":{"line":103,"column":4},"end":{"line":103,"column":24}},"62":{"start":{"line":104,"column":4},"end":{"line":106,"column":5}},"63":{"start":{"line":105,"column":9},"end":{"line":105,"column":69}},"64":{"start":{"line":107,"column":4},"end":{"line":114,"column":1}},"65":{"start":{"line":108,"column":21},"end":{"line":108,"column":60}},"66":{"start":{"line":109,"column":8},"end":{"line":111,"column":9}},"67":{"start":{"line":110,"column":11},"end":{"line":110,"column":62}},"68":{"start":{"line":113,"column":5},"end":{"line":113,"column":42}},"69":{"start":{"line":115,"column":0},"end":{"line":122,"column":5}},"70":{"start":{"line":116,"column":21},"end":{"line":116,"column":66}},"71":{"start":{"line":117,"column":4},"end":{"line":119,"column":5}},"72":{"start":{"line":118,"column":7},"end":{"line":118,"column":61}},"73":{"start":{"line":121,"column":4},"end":{"line":121,"column":41}},"74":{"start":{"line":123,"column":0},"end":{"line":130,"column":1}},"75":{"start":{"line":124,"column":15},"end":{"line":124,"column":39}},"76":{"start":{"line":125,"column":15},"end":{"line":125,"column":47}},"77":{"start":{"line":126,"column":16},"end":{"line":126,"column":100}},"78":{"start":{"line":127,"column":4},"end":{"line":127,"column":31}},"79":{"start":{"line":129,"column":4},"end":{"line":129,"column":34}},"80":{"start":{"line":132,"column":16},"end":{"line":163,"column":null}},"81":{"start":{"line":132,"column":54},"end":{"line":163,"column":null}},"82":{"start":{"line":133,"column":23},"end":{"line":133,"column":51}},"83":{"start":{"line":134,"column":18},"end":{"line":134,"column":56}},"84":{"start":{"line":135,"column":4},"end":{"line":135,"column":48}},"85":{"start":{"line":135,"column":21},"end":{"line":135,"column":48}},"86":{"start":{"line":136,"column":5},"end":{"line":160,"column":8}},"87":{"start":{"line":136,"column":72},"end":{"line":160,"column":7}},"88":{"start":{"line":137,"column":8},"end":{"line":137,"column":61}},"89":{"start":{"line":137,"column":16},"end":{"line":137,"column":61}},"90":{"start":{"line":138,"column":22},"end":{"line":138,"column":29}},"91":{"start":{"line":139,"column":8},"end":{"line":159,"column":9}},"92":{"start":{"line":140,"column":12},"end":{"line":140,"column":48}},"93":{"start":{"line":141,"column":12},"end":{"line":141,"column":77}},"94":{"start":{"line":141,"column":27},"end":{"line":141,"column":77}},"95":{"start":{"line":142,"column":12},"end":{"line":147,"column":13}},"96":{"start":{"line":144,"column":16},"end":{"line":144,"column":31}},"97":{"start":{"line":145,"column":16},"end":{"line":145,"column":34}},"98":{"start":{"line":146,"column":16},"end":{"line":146,"column":67}},"99":{"start":{"line":148,"column":32},"end":{"line":148,"column":113}},"100":{"start":{"line":149,"column":32},"end":{"line":149,"column":79}},"101":{"start":{"line":151,"column":12},"end":{"line":151,"column":65}},"102":{"start":{"line":152,"column":12},"end":{"line":152,"column":30}},"103":{"start":{"line":153,"column":12},"end":{"line":155,"column":44}},"104":{"start":{"line":158,"column":12},"end":{"line":158,"column":49}},"105":{"start":{"line":165,"column":15},"end":{"line":189,"column":null}},"106":{"start":{"line":165,"column":53},"end":{"line":189,"column":null}},"107":{"start":{"line":166,"column":23},"end":{"line":166,"column":51}},"108":{"start":{"line":167,"column":18},"end":{"line":167,"column":56}},"109":{"start":{"line":168,"column":4},"end":{"line":168,"column":48}},"110":{"start":{"line":168,"column":21},"end":{"line":168,"column":48}},"111":{"start":{"line":169,"column":5},"end":{"line":188,"column":8}},"112":{"start":{"line":169,"column":72},"end":{"line":188,"column":7}},"113":{"start":{"line":170,"column":8},"end":{"line":170,"column":null}},"114":{"start":{"line":170,"column":16},"end":{"line":170,"column":null}},"115":{"start":{"line":171,"column":22},"end":{"line":171,"column":29}},"116":{"start":{"line":172,"column":8},"end":{"line":187,"column":9}},"117":{"start":{"line":173,"column":12},"end":{"line":173,"column":48}},"118":{"start":{"line":174,"column":12},"end":{"line":174,"column":77}},"119":{"start":{"line":174,"column":27},"end":{"line":174,"column":77}},"120":{"start":{"line":175,"column":12},"end":{"line":180,"column":13}},"121":{"start":{"line":177,"column":16},"end":{"line":177,"column":31}},"122":{"start":{"line":178,"column":16},"end":{"line":178,"column":34}},"123":{"start":{"line":179,"column":16},"end":{"line":179,"column":67}},"124":{"start":{"line":181,"column":12},"end":{"line":181,"column":61}},"125":{"start":{"line":182,"column":12},"end":{"line":182,"column":30}},"126":{"start":{"line":183,"column":12},"end":{"line":183,"column":39}},"127":{"start":{"line":186,"column":12},"end":{"line":186,"column":49}},"128":{"start":{"line":191,"column":26},"end":{"line":211,"column":null}},"129":{"start":{"line":191,"column":65},"end":{"line":211,"column":null}},"130":{"start":{"line":192,"column":13},"end":{"line":192,"column":26}},"131":{"start":{"line":193,"column":22},"end":{"line":193,"column":39}},"132":{"start":{"line":194,"column":25},"end":{"line":194,"column":40}},"133":{"start":{"line":195,"column":24},"end":{"line":195,"column":38}},"134":{"start":{"line":196,"column":4},"end":{"line":209,"column":5}},"135":{"start":{"line":197,"column":19},"end":{"line":197,"column":42}},"136":{"start":{"line":198,"column":7},"end":{"line":200,"column":8}},"137":{"start":{"line":199,"column":9},"end":{"line":199,"column":55}},"138":{"start":{"line":201,"column":7},"end":{"line":201,"column":31}},"139":{"start":{"line":202,"column":9},"end":{"line":202,"column":34}},"140":{"start":{"line":203,"column":12},"end":{"line":203,"column":35}},"141":{"start":{"line":204,"column":8},"end":{"line":204,"column":26}},"142":{"start":{"line":205,"column":8},"end":{"line":205,"column":58}},"143":{"start":{"line":207,"column":8},"end":{"line":207,"column":25}},"144":{"start":{"line":208,"column":8},"end":{"line":208,"column":52}},"145":{"start":{"line":214,"column":0},"end":{"line":214,"column":82}}},"fnMap":{"0":{"name":"(anonymous_8)","decl":{"start":{"line":11,"column":21},"end":{"line":11,"column":28}},"loc":{"start":{"line":11,"column":59},"end":{"line":54,"column":null}}},"1":{"name":"(anonymous_9)","decl":{"start":{"line":11,"column":59},"end":{"line":11,"column":null}},"loc":{"start":{"line":11,"column":59},"end":{"line":54,"column":1}}},"2":{"name":"(anonymous_10)","decl":{"start":{"line":57,"column":14},"end":{"line":57,"column":21}},"loc":{"start":{"line":57,"column":52},"end":{"line":94,"column":null}}},"3":{"name":"(anonymous_11)","decl":{"start":{"line":57,"column":52},"end":{"line":57,"column":null}},"loc":{"start":{"line":57,"column":52},"end":{"line":94,"column":2}}},"4":{"name":"(anonymous_12)","decl":{"start":{"line":97,"column":17},"end":{"line":97,"column":24}},"loc":{"start":{"line":97,"column":55},"end":{"line":130,"column":null}}},"5":{"name":"(anonymous_13)","decl":{"start":{"line":97,"column":55},"end":{"line":97,"column":null}},"loc":{"start":{"line":97,"column":55},"end":{"line":130,"column":2}}},"6":{"name":"(anonymous_14)","decl":{"start":{"line":132,"column":16},"end":{"line":132,"column":23}},"loc":{"start":{"line":132,"column":54},"end":{"line":163,"column":null}}},"7":{"name":"(anonymous_15)","decl":{"start":{"line":132,"column":54},"end":{"line":132,"column":null}},"loc":{"start":{"line":132,"column":54},"end":{"line":163,"column":1}}},"8":{"name":"(anonymous_16)","decl":{"start":{"line":136,"column":46},"end":{"line":136,"column":53}},"loc":{"start":{"line":136,"column":72},"end":{"line":160,"column":7}}},"9":{"name":"(anonymous_17)","decl":{"start":{"line":136,"column":72},"end":{"line":136,"column":null}},"loc":{"start":{"line":136,"column":72},"end":{"line":160,"column":6}}},"10":{"name":"(anonymous_18)","decl":{"start":{"line":165,"column":15},"end":{"line":165,"column":22}},"loc":{"start":{"line":165,"column":53},"end":{"line":189,"column":null}}},"11":{"name":"(anonymous_19)","decl":{"start":{"line":165,"column":53},"end":{"line":165,"column":null}},"loc":{"start":{"line":165,"column":53},"end":{"line":189,"column":1}}},"12":{"name":"(anonymous_20)","decl":{"start":{"line":169,"column":46},"end":{"line":169,"column":53}},"loc":{"start":{"line":169,"column":72},"end":{"line":188,"column":7}}},"13":{"name":"(anonymous_21)","decl":{"start":{"line":169,"column":72},"end":{"line":169,"column":null}},"loc":{"start":{"line":169,"column":72},"end":{"line":188,"column":6}}},"14":{"name":"(anonymous_22)","decl":{"start":{"line":191,"column":26},"end":{"line":191,"column":33}},"loc":{"start":{"line":191,"column":65},"end":{"line":211,"column":null}}},"15":{"name":"(anonymous_23)","decl":{"start":{"line":191,"column":65},"end":{"line":191,"column":null}},"loc":{"start":{"line":191,"column":65},"end":{"line":211,"column":1}}}},"branchMap":{"0":{"loc":{"start":{"line":21,"column":18},"end":{"line":21,"column":32}},"type":"cond-expr","locations":[{"start":{"line":21,"column":25},"end":{"line":21,"column":27}},{"start":{"line":21,"column":18},"end":{"line":21,"column":32}}]},"1":{"loc":{"start":{"line":21,"column":18},"end":{"line":21,"column":27}},"type":"binary-expr","locations":[{"start":{"line":21,"column":18},"end":{"line":21,"column":27}},{"start":{"line":21,"column":18},"end":{"line":21,"column":27}}]},"2":{"loc":{"start":{"line":22,"column":4},"end":{"line":50,"column":5}},"type":"if","locations":[{"start":{"line":22,"column":4},"end":{"line":50,"column":5}}]},"3":{"loc":{"start":{"line":24,"column":8},"end":{"line":30,"column":9}},"type":"if","locations":[{"start":{"line":24,"column":8},"end":{"line":30,"column":9}}]},"4":{"loc":{"start":{"line":28,"column":25},"end":{"line":28,"column":38}},"type":"cond-expr","locations":[{"start":{"line":28,"column":32},"end":{"line":28,"column":34}},{"start":{"line":28,"column":25},"end":{"line":28,"column":38}}]},"5":{"loc":{"start":{"line":28,"column":25},"end":{"line":28,"column":34}},"type":"binary-expr","locations":[{"start":{"line":28,"column":25},"end":{"line":28,"column":34}},{"start":{"line":28,"column":25},"end":{"line":28,"column":34}}]},"6":{"loc":{"start":{"line":29,"column":23},"end":{"line":29,"column":39}},"type":"cond-expr","locations":[{"start":{"line":29,"column":30},"end":{"line":29,"column":32}},{"start":{"line":29,"column":23},"end":{"line":29,"column":39}}]},"7":{"loc":{"start":{"line":29,"column":23},"end":{"line":29,"column":32}},"type":"binary-expr","locations":[{"start":{"line":29,"column":23},"end":{"line":29,"column":32}},{"start":{"line":29,"column":23},"end":{"line":29,"column":32}}]},"8":{"loc":{"start":{"line":33,"column":8},"end":{"line":36,"column":39}},"type":"if","locations":[{"start":{"line":33,"column":8},"end":{"line":36,"column":39}},{"start":{"line":36,"column":8},"end":{"line":36,"column":39}}]},"9":{"loc":{"start":{"line":61,"column":4},"end":{"line":63,"column":1}},"type":"if","locations":[{"start":{"line":61,"column":4},"end":{"line":63,"column":1}}]},"10":{"loc":{"start":{"line":61,"column":8},"end":{"line":61,"column":37}},"type":"binary-expr","locations":[{"start":{"line":61,"column":8},"end":{"line":61,"column":19}},{"start":{"line":61,"column":23},"end":{"line":61,"column":37}}]},"11":{"loc":{"start":{"line":66,"column":8},"end":{"line":68,"column":9}},"type":"if","locations":[{"start":{"line":66,"column":8},"end":{"line":68,"column":9}}]},"12":{"loc":{"start":{"line":70,"column":4},"end":{"line":72,"column":5}},"type":"if","locations":[{"start":{"line":70,"column":4},"end":{"line":72,"column":5}}]},"13":{"loc":{"start":{"line":76,"column":4},"end":{"line":79,"column":35}},"type":"if","locations":[{"start":{"line":76,"column":4},"end":{"line":79,"column":35}},{"start":{"line":79,"column":4},"end":{"line":79,"column":35}}]},"14":{"loc":{"start":{"line":104,"column":4},"end":{"line":106,"column":5}},"type":"if","locations":[{"start":{"line":104,"column":4},"end":{"line":106,"column":5}}]},"15":{"loc":{"start":{"line":104,"column":8},"end":{"line":104,"column":47}},"type":"binary-expr","locations":[{"start":{"line":104,"column":8},"end":{"line":104,"column":14}},{"start":{"line":104,"column":18},"end":{"line":104,"column":27}},{"start":{"line":104,"column":29},"end":{"line":104,"column":38}},{"start":{"line":104,"column":40},"end":{"line":104,"column":47}}]},"16":{"loc":{"start":{"line":109,"column":8},"end":{"line":111,"column":9}},"type":"if","locations":[{"start":{"line":109,"column":8},"end":{"line":111,"column":9}}]},"17":{"loc":{"start":{"line":117,"column":4},"end":{"line":119,"column":5}},"type":"if","locations":[{"start":{"line":117,"column":4},"end":{"line":119,"column":5}}]},"18":{"loc":{"start":{"line":134,"column":18},"end":{"line":134,"column":56}},"type":"binary-expr","locations":[{"start":{"line":134,"column":18},"end":{"line":134,"column":28}},{"start":{"line":134,"column":32},"end":{"line":134,"column":56}}]},"19":{"loc":{"start":{"line":135,"column":4},"end":{"line":135,"column":48}},"type":"if","locations":[{"start":{"line":135,"column":4},"end":{"line":135,"column":48}}]},"20":{"loc":{"start":{"line":137,"column":8},"end":{"line":137,"column":61}},"type":"if","locations":[{"start":{"line":137,"column":8},"end":{"line":137,"column":61}}]},"21":{"loc":{"start":{"line":141,"column":12},"end":{"line":141,"column":77}},"type":"if","locations":[{"start":{"line":141,"column":12},"end":{"line":141,"column":77}}]},"22":{"loc":{"start":{"line":142,"column":12},"end":{"line":147,"column":13}},"type":"if","locations":[{"start":{"line":142,"column":12},"end":{"line":147,"column":13}}]},"23":{"loc":{"start":{"line":167,"column":18},"end":{"line":167,"column":56}},"type":"binary-expr","locations":[{"start":{"line":167,"column":18},"end":{"line":167,"column":28}},{"start":{"line":167,"column":32},"end":{"line":167,"column":56}}]},"24":{"loc":{"start":{"line":168,"column":4},"end":{"line":168,"column":48}},"type":"if","locations":[{"start":{"line":168,"column":4},"end":{"line":168,"column":48}}]},"25":{"loc":{"start":{"line":170,"column":8},"end":{"line":170,"column":null}},"type":"if","locations":[{"start":{"line":170,"column":8},"end":{"line":170,"column":null}}]},"26":{"loc":{"start":{"line":174,"column":12},"end":{"line":174,"column":77}},"type":"if","locations":[{"start":{"line":174,"column":12},"end":{"line":174,"column":77}}]},"27":{"loc":{"start":{"line":175,"column":12},"end":{"line":180,"column":13}},"type":"if","locations":[{"start":{"line":175,"column":12},"end":{"line":180,"column":13}}]},"28":{"loc":{"start":{"line":198,"column":7},"end":{"line":200,"column":8}},"type":"if","locations":[{"start":{"line":198,"column":7},"end":{"line":200,"column":8}}]}},"s":{"0":4,"1":4,"2":4,"3":4,"4":4,"5":4,"6":4,"7":4,"8":0,"9":0,"10":0,"11":0,"12":0,"13":0,"14":0,"15":0,"16":0,"17":0,"18":0,"19":0,"20":0,"21":0,"22":0,"23":0,"24":0,"25":0,"26":0,"27":0,"28":0,"29":0,"30":4,"31":8,"32":8,"33":8,"34":8,"35":8,"36":0,"37":8,"38":8,"39":8,"40":0,"41":8,"42":8,"43":0,"44":8,"45":8,"46":8,"47":0,"48":8,"49":8,"50":8,"51":8,"52":8,"53":0,"54":4,"55":7,"56":7,"57":7,"58":7,"59":7,"60":7,"61":7,"62":7,"63":0,"64":7,"65":7,"66":7,"67":2,"68":0,"69":5,"70":5,"71":5,"72":0,"73":0,"74":5,"75":5,"76":5,"77":5,"78":5,"79":0,"80":4,"81":1,"82":1,"83":1,"84":1,"85":0,"86":1,"87":1,"88":1,"89":0,"90":1,"91":1,"92":1,"93":1,"94":0,"95":1,"96":0,"97":0,"98":0,"99":1,"100":1,"101":1,"102":1,"103":1,"104":0,"105":4,"106":1,"107":1,"108":1,"109":1,"110":0,"111":1,"112":1,"113":1,"114":0,"115":1,"116":1,"117":1,"118":1,"119":0,"120":1,"121":0,"122":0,"123":0,"124":1,"125":1,"126":1,"127":0,"128":4,"129":1,"130":1,"131":1,"132":1,"133":1,"134":1,"135":1,"136":1,"137":0,"138":1,"139":1,"140":1,"141":1,"142":1,"143":0,"144":0,"145":4},"f":{"0":0,"1":0,"2":8,"3":8,"4":7,"5":7,"6":1,"7":1,"8":1,"9":1,"10":1,"11":1,"12":1,"13":1,"14":1,"15":1},"b":{"0":[0,0],"1":[0,0],"2":[0],"3":[0],"4":[0,0],"5":[0,0],"6":[0,0],"7":[0,0],"8":[0,0],"9":[0],"10":[8,8],"11":[0],"12":[0],"13":[0,8],"14":[0],"15":[7,7,7,7],"16":[2],"17":[0],"18":[1,1],"19":[0],"20":[0],"21":[0],"22":[0],"23":[1,1],"24":[0],"25":[0],"26":[0],"27":[0],"28":[0]}}
,"C:\\Users\\shlom\\Project_2024\\src\\Models\\comments_model.ts": {"path":"C:\\Users\\shlom\\Project_2024\\src\\Models\\comments_model.ts","statementMap":{"0":{"start":{"line":1,"column":0},"end":{"line":1,"column":32}},"1":{"start":{"line":13,"column":22},"end":{"line":35,"column":2}},"2":{"start":{"line":37,"column":0},"end":{"line":37,"column":66}}},"fnMap":{},"branchMap":{},"s":{"0":4,"1":4,"2":4},"f":{},"b":{}}
,"C:\\Users\\shlom\\Project_2024\\src\\Models\\member_model.ts": {"path":"C:\\Users\\shlom\\Project_2024\\src\\Models\\member_model.ts","statementMap":{"0":{"start":{"line":1,"column":0},"end":{"line":1,"column":32}},"1":{"start":{"line":8,"column":21},"end":{"line":17,"column":2}},"2":{"start":{"line":19,"column":0},"end":{"line":19,"column":63}}},"fnMap":{},"branchMap":{},"s":{"0":4,"1":4,"2":4},"f":{},"b":{}}
,"C:\\Users\\shlom\\Project_2024\\src\\Models\\post_model.ts": {"path":"C:\\Users\\shlom\\Project_2024\\src\\Models\\post_model.ts","statementMap":{"0":{"start":{"line":1,"column":0},"end":{"line":1,"column":43}},"1":{"start":{"line":19,"column":19},"end":{"line":49,"column":2}},"2":{"start":{"line":51,"column":0},"end":{"line":51,"column":57}}},"fnMap":{},"branchMap":{},"s":{"0":4,"1":4,"2":4},"f":{},"b":{}}
,"C:\\Users\\shlom\\Project_2024\\src\\Models\\user_model.ts": {"path":"C:\\Users\\shlom\\Project_2024\\src\\Models\\user_model.ts","statementMap":{"0":{"start":{"line":1,"column":0},"end":{"line":1,"column":32}},"1":{"start":{"line":15,"column":19},"end":{"line":41,"column":2}},"2":{"start":{"line":43,"column":0},"end":{"line":43,"column":57}}},"fnMap":{},"branchMap":{},"s":{"0":4,"1":4,"2":4},"f":{},"b":{}}
,"C:\\Users\\shlom\\Project_2024\\src\\Routing\\Files_routes.ts": {"path":"C:\\Users\\shlom\\Project_2024\\src\\Routing\\Files_routes.ts","statementMap":{"0":{"start":{"line":1,"column":0},"end":{"line":1,"column":30}},"1":{"start":{"line":2,"column":15},"end":{"line":2,"column":31}},"2":{"start":{"line":3,"column":0},"end":{"line":3,"column":28}},"3":{"start":{"line":4,"column":0},"end":{"line":4,"column":24}},"4":{"start":{"line":6,"column":13},"end":{"line":6,"column":37}},"5":{"start":{"line":9,"column":16},"end":{"line":17,"column":2}},"6":{"start":{"line":11,"column":4},"end":{"line":11,"column":34}},"7":{"start":{"line":14,"column":16},"end":{"line":14,"column":47}},"8":{"start":{"line":15,"column":4},"end":{"line":15,"column":31}},"9":{"start":{"line":19,"column":15},"end":{"line":19,"column":43}},"10":{"start":{"line":21,"column":0},"end":{"line":25,"column":3}},"11":{"start":{"line":22,"column":19},"end":{"line":22,"column":52}},"12":{"start":{"line":23,"column":2},"end":{"line":23,"column":55}},"13":{"start":{"line":24,"column":2},"end":{"line":24,"column":49}},"14":{"start":{"line":27,"column":0},"end":{"line":27,"column":16}}},"fnMap":{"0":{"name":"(anonymous_1)","decl":{"start":{"line":10,"column":15},"end":{"line":10,"column":25}},"loc":{"start":{"line":10,"column":38},"end":{"line":12,"column":3}}},"1":{"name":"(anonymous_2)","decl":{"start":{"line":13,"column":12},"end":{"line":13,"column":22}},"loc":{"start":{"line":13,"column":35},"end":{"line":16,"column":3}}},"2":{"name":"(anonymous_3)","decl":{"start":{"line":21,"column":40},"end":{"line":21,"column":50}},"loc":{"start":{"line":21,"column":58},"end":{"line":25,"column":1}}}},"branchMap":{},"s":{"0":4,"1":4,"2":4,"3":4,"4":4,"5":4,"6":1,"7":1,"8":1,"9":4,"10":4,"11":1,"12":1,"13":1,"14":4},"f":{"0":1,"1":1,"2":1},"b":{}}
,"C:\\Users\\shlom\\Project_2024\\src\\Routing\\comments_route.ts": {"path":"C:\\Users\\shlom\\Project_2024\\src\\Routing\\comments_route.ts","statementMap":{"0":{"start":{"line":1,"column":0},"end":{"line":1,"column":30}},"1":{"start":{"line":2,"column":15},"end":{"line":2,"column":31}},"2":{"start":{"line":3,"column":0},"end":{"line":3,"column":68}},"3":{"start":{"line":4,"column":0},"end":{"line":4,"column":52}},"4":{"start":{"line":82,"column":0},"end":{"line":82,"column":102}},"5":{"start":{"line":118,"column":0},"end":{"line":118,"column":99}},"6":{"start":{"line":153,"column":0},"end":{"line":153,"column":117}},"7":{"start":{"line":155,"column":0},"end":{"line":155,"column":22}}},"fnMap":{},"branchMap":{},"s":{"0":4,"1":4,"2":4,"3":4,"4":4,"5":4,"6":4,"7":4},"f":{},"b":{}}
,"C:\\Users\\shlom\\Project_2024\\src\\Routing\\member_route.ts": {"path":"C:\\Users\\shlom\\Project_2024\\src\\Routing\\member_route.ts","statementMap":{"0":{"start":{"line":1,"column":0},"end":{"line":1,"column":30}},"1":{"start":{"line":2,"column":15},"end":{"line":2,"column":31}},"2":{"start":{"line":3,"column":0},"end":{"line":3,"column":54}},"3":{"start":{"line":4,"column":0},"end":{"line":4,"column":52}},"4":{"start":{"line":6,"column":0},"end":{"line":6,"column":58}},"5":{"start":{"line":8,"column":0},"end":{"line":8,"column":57}},"6":{"start":{"line":10,"column":0},"end":{"line":10,"column":56}},"7":{"start":{"line":12,"column":0},"end":{"line":12,"column":57}},"8":{"start":{"line":14,"column":0},"end":{"line":14,"column":63}},"9":{"start":{"line":16,"column":0},"end":{"line":16,"column":22}}},"fnMap":{},"branchMap":{},"s":{"0":4,"1":4,"2":4,"3":4,"4":4,"5":4,"6":4,"7":4,"8":4,"9":4},"f":{},"b":{}}
,"C:\\Users\\shlom\\Project_2024\\src\\Routing\\post_route.ts": {"path":"C:\\Users\\shlom\\Project_2024\\src\\Routing\\post_route.ts","statementMap":{"0":{"start":{"line":1,"column":0},"end":{"line":1,"column":30}},"1":{"start":{"line":2,"column":15},"end":{"line":2,"column":31}},"2":{"start":{"line":3,"column":0},"end":{"line":3,"column":61}},"3":{"start":{"line":4,"column":0},"end":{"line":4,"column":52}},"4":{"start":{"line":103,"column":0},"end":{"line":103,"column":73}},"5":{"start":{"line":107,"column":0},"end":{"line":107,"column":86}},"6":{"start":{"line":150,"column":0},"end":{"line":150,"column":72}},"7":{"start":{"line":192,"column":0},"end":{"line":192,"column":73}},"8":{"start":{"line":223,"column":0},"end":{"line":223,"column":79}},"9":{"start":{"line":225,"column":0},"end":{"line":225,"column":22}}},"fnMap":{},"branchMap":{},"s":{"0":4,"1":4,"2":4,"3":4,"4":4,"5":4,"6":4,"7":4,"8":4,"9":4},"f":{},"b":{}}
,"C:\\Users\\shlom\\Project_2024\\src\\Routing\\user_route.ts": {"path":"C:\\Users\\shlom\\Project_2024\\src\\Routing\\user_route.ts","statementMap":{"0":{"start":{"line":1,"column":0},"end":{"line":1,"column":30}},"1":{"start":{"line":2,"column":15},"end":{"line":2,"column":31}},"2":{"start":{"line":3,"column":0},"end":{"line":3,"column":50}},"3":{"start":{"line":5,"column":0},"end":{"line":5,"column":47}},"4":{"start":{"line":97,"column":0},"end":{"line":97,"column":40}},"5":{"start":{"line":98,"column":0},"end":{"line":98,"column":41}},"6":{"start":{"line":141,"column":0},"end":{"line":141,"column":35}},"7":{"start":{"line":158,"column":0},"end":{"line":158,"column":46}},"8":{"start":{"line":180,"column":0},"end":{"line":180,"column":36}},"9":{"start":{"line":182,"column":0},"end":{"line":182,"column":43}},"10":{"start":{"line":185,"column":0},"end":{"line":185,"column":22}}},"fnMap":{},"branchMap":{},"s":{"0":4,"1":4,"2":4,"3":4,"4":4,"5":4,"6":4,"7":4,"8":4,"9":4,"10":4},"f":{},"b":{}}
}
