TN:
SF:src\app.ts
FN:12,(anonymous_1)
FN:13,(anonymous_2)
FN:16,(anonymous_3)
FN:17,(anonymous_4)
FNF:4
FNH:4
FNDA:4,(anonymous_1)
FNDA:4,(anonymous_2)
FNDA:4,(anonymous_3)
FNDA:4,(anonymous_4)
DA:1,4
DA:2,4
DA:3,4
DA:4,4
DA:5,4
DA:6,4
DA:7,4
DA:8,4
DA:9,4
DA:10,4
DA:11,4
DA:12,4
DA:13,4
DA:14,4
DA:15,4
DA:16,4
DA:17,4
DA:18,4
DA:19,4
DA:20,4
DA:21,4
DA:23,4
DA:24,4
DA:25,4
DA:26,4
DA:27,4
DA:28,4
DA:30,4
DA:33,4
DA:41,4
LF:30
LH:30
BRF:0
BRH:0
end_of_record
TN:
SF:src\Common\auth_logout.ts
FN:10,(anonymous_1)
FN:28,(anonymous_2)
FNF:2
FNH:2
FNDA:3,(anonymous_1)
FNDA:3,(anonymous_2)
DA:1,4
DA:10,4
DA:11,3
DA:12,3
DA:13,3
DA:16,3
DA:17,3
DA:18,0
DA:19,3
DA:20,3
DA:22,0
DA:26,3
DA:28,3
DA:29,3
DA:30,1
DA:31,1
DA:42,4
LF:17
LH:15
BRDA:16,0,0,3
BRDA:17,1,0,0
BRDA:17,1,1,3
BRDA:19,2,0,3
BRDA:19,2,1,0
BRDA:26,3,0,0
BRDA:29,4,0,2
BRF:7
BRH:4
end_of_record
TN:
SF:src\Common\auth_middleware.ts
FN:17,(anonymous_1)
FN:35,(anonymous_2)
FNF:2
FNH:2
FNDA:26,(anonymous_1)
FNDA:26,(anonymous_2)
DA:1,4
DA:17,4
DA:18,26
DA:19,26
DA:20,26
DA:23,26
DA:24,25
DA:25,0
DA:26,25
DA:27,25
DA:29,0
DA:33,26
DA:35,26
DA:36,26
DA:37,24
DA:39,24
DA:50,4
LF:17
LH:15
BRDA:23,0,0,25
BRDA:24,1,0,0
BRDA:24,1,1,25
BRDA:26,2,0,25
BRDA:26,2,1,0
BRDA:33,3,0,0
BRDA:36,4,0,2
BRF:7
BRH:4
end_of_record
TN:
SF:src\Controllers\Base_Controller.ts
FN:7,(anonymous_7)
FN:12,(anonymous_8)
FN:24,(anonymous_10)
FN:34,(anonymous_12)
FN:46,(anonymous_14)
FN:59,(anonymous_16)
FN:75,(anonymous_18)
FNF:7
FNH:3
FNDA:12,(anonymous_7)
FNDA:0,(anonymous_8)
FNDA:0,(anonymous_10)
FNDA:2,(anonymous_12)
FNDA:0,(anonymous_14)
FNDA:0,(anonymous_16)
FNDA:4,(anonymous_18)
DA:8,12
DA:13,0
DA:14,0
DA:15,0
DA:16,0
DA:18,0
DA:19,0
DA:25,0
DA:26,0
DA:27,0
DA:29,0
DA:30,0
DA:36,2
DA:37,2
DA:38,2
DA:40,0
DA:41,0
DA:47,0
DA:48,0
DA:49,0
DA:50,0
DA:51,0
DA:54,0
DA:55,0
DA:60,0
DA:61,0
DA:62,0
DA:63,0
DA:66,0
DA:67,0
DA:75,4
DA:76,4
DA:77,4
LF:33
LH:7
BRF:0
BRH:0
end_of_record
TN:
SF:src\Controllers\comments_controller.ts
FN:10,(anonymous_8)
FN:14,(anonymous_9)
FN:41,(anonymous_11)
FN:52,(anonymous_13)
FN:73,(anonymous_15)
FNF:5
FNH:5
FNDA:4,(anonymous_8)
FNDA:2,(anonymous_9)
FNDA:1,(anonymous_11)
FNDA:3,(anonymous_13)
FNDA:2,(anonymous_15)
DA:1,4
DA:3,4
DA:4,4
DA:7,4
DA:11,4
DA:15,2
DA:17,2
DA:18,2
DA:19,2
DA:20,2
DA:27,2
DA:28,2
DA:32,2
DA:34,0
DA:35,0
DA:42,1
DA:43,1
DA:44,1
DA:45,1
DA:47,0
DA:48,0
DA:53,3
DA:54,3
DA:55,3
DA:56,3
DA:57,2
DA:58,1
DA:59,1
DA:63,1
DA:65,1
DA:68,1
DA:69,1
DA:74,2
DA:75,2
DA:76,2
DA:77,2
DA:80,0
DA:81,0
DA:87,4
LF:39
LH:33
BRDA:57,0,0,1
BRDA:57,0,1,1
BRF:2
BRH:2
end_of_record
TN:
SF:src\Controllers\member_controller.ts
FNF:0
FNH:0
DA:1,4
DA:2,4
DA:5,4
DA:9,4
LF:4
LH:4
BRF:0
BRH:0
end_of_record
TN:
SF:src\Controllers\post_controller.ts
FN:10,(anonymous_8)
FN:14,(anonymous_9)
FN:44,(anonymous_11)
FN:66,(anonymous_13)
FN:84,(anonymous_15)
FNF:5
FNH:5
FNDA:4,(anonymous_8)
FNDA:9,(anonymous_9)
FNDA:3,(anonymous_11)
FNDA:3,(anonymous_13)
FNDA:1,(anonymous_15)
DA:1,4
DA:2,4
DA:6,4
DA:11,4
DA:15,9
DA:16,9
DA:17,9
DA:19,9
DA:20,9
DA:21,9
DA:22,0
DA:23,0
DA:26,9
DA:27,9
DA:28,9
DA:30,9
DA:31,7
DA:36,7
DA:38,2
DA:39,2
DA:45,3
DA:46,3
DA:47,3
DA:48,3
DA:53,2
DA:55,2
DA:56,1
DA:57,1
DA:59,1
DA:61,1
DA:62,1
DA:67,3
DA:68,3
DA:69,3
DA:70,2
DA:71,2
DA:72,1
DA:73,1
DA:75,1
DA:76,1
DA:78,1
DA:79,1
DA:85,1
DA:86,1
DA:87,1
DA:88,1
DA:89,0
DA:90,0
DA:92,1
DA:93,1
DA:95,0
DA:96,0
DA:102,4
LF:53
LH:47
BRDA:15,0,0,0
BRDA:15,0,1,9
BRDA:15,1,0,9
BRDA:15,1,1,9
BRDA:21,2,0,0
BRDA:53,3,0,0
BRDA:53,3,1,2
BRDA:53,4,0,2
BRDA:53,4,1,2
BRDA:55,5,0,1
BRDA:70,6,0,0
BRDA:70,6,1,2
BRDA:70,7,0,2
BRDA:70,7,1,2
BRDA:71,8,0,1
BRDA:85,9,0,0
BRDA:85,9,1,1
BRDA:85,10,0,1
BRDA:85,10,1,1
BRDA:88,11,0,0
BRF:20
BRH:14
end_of_record
TN:
SF:src\Controllers\user_controller.ts
FN:11,(anonymous_8)
FN:11,(anonymous_9)
FN:57,(anonymous_10)
FN:57,(anonymous_11)
FN:97,(anonymous_12)
FN:97,(anonymous_13)
FN:132,(anonymous_14)
FN:132,(anonymous_15)
FN:136,(anonymous_16)
FN:136,(anonymous_17)
FN:165,(anonymous_18)
FN:165,(anonymous_19)
FN:169,(anonymous_20)
FN:169,(anonymous_21)
FN:191,(anonymous_22)
FN:191,(anonymous_23)
FNF:16
FNH:14
FNDA:0,(anonymous_8)
FNDA:0,(anonymous_9)
FNDA:8,(anonymous_10)
FNDA:8,(anonymous_11)
FNDA:7,(anonymous_12)
FNDA:7,(anonymous_13)
FNDA:1,(anonymous_14)
FNDA:1,(anonymous_15)
FNDA:1,(anonymous_16)
FNDA:1,(anonymous_17)
FNDA:1,(anonymous_18)
FNDA:1,(anonymous_19)
FNDA:1,(anonymous_20)
FNDA:1,(anonymous_21)
FNDA:1,(anonymous_22)
FNDA:1,(anonymous_23)
DA:2,4
DA:3,4
DA:4,4
DA:5,4
DA:7,4
DA:8,4
DA:10,4
DA:11,4
DA:13,0
DA:14,0
DA:15,0
DA:16,0
DA:20,0
DA:21,0
DA:22,0
DA:23,0
DA:24,0
DA:25,0
DA:31,0
DA:32,0
DA:33,0
DA:34,0
DA:36,0
DA:37,0
DA:38,0
DA:39,0
DA:40,0
DA:51,0
DA:52,0
DA:57,8
DA:58,8
DA:59,8
DA:60,8
DA:61,8
DA:62,0
DA:64,8
DA:65,8
DA:66,8
DA:67,0
DA:69,8
DA:70,8
DA:71,0
DA:73,8
DA:74,8
DA:76,8
DA:77,0
DA:79,8
DA:80,8
DA:81,8
DA:82,8
DA:83,8
DA:93,0
DA:97,7
DA:98,7
DA:99,7
DA:100,7
DA:101,7
DA:102,7
DA:103,7
DA:104,7
DA:105,0
DA:107,7
DA:108,7
DA:109,7
DA:110,2
DA:113,0
DA:115,5
DA:116,5
DA:117,5
DA:118,0
DA:121,0
DA:123,5
DA:124,5
DA:125,5
DA:126,5
DA:127,5
DA:129,0
DA:132,4
DA:133,1
DA:134,1
DA:135,1
DA:136,1
DA:137,1
DA:138,1
DA:139,1
DA:140,1
DA:141,1
DA:142,1
DA:144,0
DA:145,0
DA:146,0
DA:148,1
DA:149,1
DA:151,1
DA:152,1
DA:153,1
DA:158,0
DA:165,4
DA:166,1
DA:167,1
DA:168,1
DA:169,1
DA:170,1
DA:171,1
DA:172,1
DA:173,1
DA:174,1
DA:175,1
DA:177,0
DA:178,0
DA:179,0
DA:181,1
DA:182,1
DA:183,1
DA:186,0
DA:191,4
DA:192,1
DA:193,1
DA:194,1
DA:195,1
DA:196,1
DA:197,1
DA:198,1
DA:199,0
DA:201,1
DA:202,1
DA:203,1
DA:204,1
DA:205,1
DA:207,0
DA:208,0
DA:214,4
LF:132
LH:90
BRDA:21,0,0,0
BRDA:21,0,1,0
BRDA:21,1,0,0
BRDA:21,1,1,0
BRDA:22,2,0,0
BRDA:24,3,0,0
BRDA:28,4,0,0
BRDA:28,4,1,0
BRDA:28,5,0,0
BRDA:28,5,1,0
BRDA:29,6,0,0
BRDA:29,6,1,0
BRDA:29,7,0,0
BRDA:29,7,1,0
BRDA:33,8,0,0
BRDA:33,8,1,0
BRDA:61,9,0,0
BRDA:61,10,0,8
BRDA:61,10,1,8
BRDA:66,11,0,0
BRDA:70,12,0,0
BRDA:76,13,0,0
BRDA:76,13,1,8
BRDA:104,14,0,0
BRDA:104,15,0,7
BRDA:104,15,1,7
BRDA:104,15,2,7
BRDA:104,15,3,7
BRDA:109,16,0,2
BRDA:117,17,0,0
BRDA:134,18,0,1
BRDA:134,18,1,1
BRDA:135,19,0,0
BRDA:137,20,0,0
BRDA:141,21,0,0
BRDA:142,22,0,0
BRDA:167,23,0,1
BRDA:167,23,1,1
BRDA:168,24,0,0
BRDA:170,25,0,0
BRDA:174,26,0,0
BRDA:175,27,0,0
BRDA:198,28,0,0
BRF:43
BRH:12
end_of_record
TN:
SF:src\Models\comments_model.ts
FNF:0
FNH:0
DA:1,4
DA:13,4
DA:37,4
LF:3
LH:3
BRF:0
BRH:0
end_of_record
TN:
SF:src\Models\member_model.ts
FNF:0
FNH:0
DA:1,4
DA:8,4
DA:19,4
LF:3
LH:3
BRF:0
BRH:0
end_of_record
TN:
SF:src\Models\post_model.ts
FNF:0
FNH:0
DA:1,4
DA:19,4
DA:51,4
LF:3
LH:3
BRF:0
BRH:0
end_of_record
TN:
SF:src\Models\user_model.ts
FNF:0
FNH:0
DA:1,4
DA:15,4
DA:43,4
LF:3
LH:3
BRF:0
BRH:0
end_of_record
TN:
SF:src\Routing\Files_routes.ts
FN:10,(anonymous_1)
FN:13,(anonymous_2)
FN:21,(anonymous_3)
FNF:3
FNH:3
FNDA:1,(anonymous_1)
FNDA:1,(anonymous_2)
FNDA:1,(anonymous_3)
DA:1,4
DA:2,4
DA:3,4
DA:4,4
DA:6,4
DA:9,4
DA:11,1
DA:14,1
DA:15,1
DA:19,4
DA:21,4
DA:22,1
DA:23,1
DA:24,1
DA:27,4
LF:15
LH:15
BRF:0
BRH:0
end_of_record
TN:
SF:src\Routing\comments_route.ts
FNF:0
FNH:0
DA:1,4
DA:2,4
DA:3,4
DA:4,4
DA:82,4
DA:118,4
DA:153,4
DA:155,4
LF:8
LH:8
BRF:0
BRH:0
end_of_record
TN:
SF:src\Routing\member_route.ts
FNF:0
FNH:0
DA:1,4
DA:2,4
DA:3,4
DA:4,4
DA:6,4
DA:8,4
DA:10,4
DA:12,4
DA:14,4
DA:16,4
LF:10
LH:10
BRF:0
BRH:0
end_of_record
TN:
SF:src\Routing\post_route.ts
FNF:0
FNH:0
DA:1,4
DA:2,4
DA:3,4
DA:4,4
DA:103,4
DA:107,4
DA:150,4
DA:192,4
DA:223,4
DA:225,4
LF:10
LH:10
BRF:0
BRH:0
end_of_record
TN:
SF:src\Routing\user_route.ts
FNF:0
FNH:0
DA:1,4
DA:2,4
DA:3,4
DA:5,4
DA:97,4
DA:98,4
DA:141,4
DA:158,4
DA:180,4
DA:182,4
DA:185,4
LF:11
LH:11
BRF:0
BRH:0
end_of_record
